2025-08-01 14:00:07,905 - __main__ - INFO - === 开始数据清洗流水线 ===
2025-08-01 14:00:07,906 - __main__ - INFO - === 开始数据准备步骤 ===
2025-08-01 14:00:08,324 - __main__ - INFO - 限制处理文档数量为 2 个
2025-08-01 14:00:08,324 - __main__ - INFO - 数据准备完成，共提取 2 个清洗对象
2025-08-01 14:00:08,324 - __main__ - INFO - === 处理第 1/2 个文件 ===
2025-08-01 14:00:08,324 - __main__ - INFO - === 开始Step 1 - 噪声剔除与段落切分 ===
2025-08-01 14:00:10,149 - __main__ - INFO - Step 1 完成，处理了 1 条文本
2025-08-01 14:00:10,149 - __main__ - INFO - === 开始Step 2 - 格式纠正 ===
2025-08-01 14:00:11,694 - __main__ - INFO - Step 2 完成，处理了 1 条文本
2025-08-01 14:00:11,694 - __main__ - INFO - === 开始Step 4 - 术语标准化 ===
2025-08-01 14:00:13,361 - __main__ - INFO - Step 4 完成，处理了 1 条文本
2025-08-01 14:00:13,361 - __main__ - INFO - === 开始Step 5 - 拼写与字符识别错误修复 ===
2025-08-01 14:00:15,020 - __main__ - INFO - Step 5 完成，处理了 1 条文本
2025-08-01 14:00:15,021 - __main__ - INFO - 文件 1 处理完成，保存到: data/cleaned_object_001.json
2025-08-01 14:00:15,021 - __main__ - INFO - === 处理第 2/2 个文件 ===
2025-08-01 14:00:15,021 - __main__ - INFO - === 开始Step 1 - 噪声剔除与段落切分 ===
2025-08-01 14:00:31,458 - __main__ - INFO - Step 1 完成，处理了 1 条文本
2025-08-01 14:00:31,458 - __main__ - INFO - === 开始Step 2 - 格式纠正 ===
2025-08-01 14:00:47,942 - __main__ - INFO - Step 2 完成，处理了 1 条文本
2025-08-01 14:00:47,943 - __main__ - INFO - === 开始Step 4 - 术语标准化 ===
2025-08-01 14:01:04,961 - __main__ - INFO - Step 4 完成，处理了 1 条文本
2025-08-01 14:01:04,962 - __main__ - INFO - === 开始Step 5 - 拼写与字符识别错误修复 ===
2025-08-01 14:01:21,964 - __main__ - INFO - Step 5 完成，处理了 1 条文本
2025-08-01 14:01:21,966 - __main__ - INFO - 文件 2 处理完成，保存到: data/cleaned_object_002.json
2025-08-01 14:01:21,966 - __main__ - INFO - === 数据清洗流水线完成，共处理 2 个文件 ===
2025-08-01 14:05:15,819 - __main__ - INFO - === 开始数据读取和保存 ===
2025-08-01 14:05:16,233 - __main__ - INFO - 限制处理文档数量为 5 个
2025-08-01 14:05:16,234 - __main__ - INFO - 共读取到 5 个数据对象
2025-08-01 14:05:16,234 - __main__ - INFO - === 数据读取完成，共保存 5 个文件到 data ===
2025-08-01 14:06:25,458 - __main__ - INFO - === 开始数据读取和保存 ===
2025-08-01 14:06:25,867 - __main__ - INFO - 限制处理文档数量为 3 个
2025-08-01 14:06:25,867 - __main__ - INFO - 共读取到 3 个数据对象
2025-08-01 14:06:25,868 - __main__ - INFO - === 数据读取完成，共保存 3 个文件到 data ===
2025-08-01 14:18:46,554 - __main__ - INFO - === 开始处理指定文件: [3] ===
2025-08-01 14:18:46,554 - __main__ - INFO - 开始处理文件: cleaned_object_003.json
2025-08-01 14:20:09,477 - __main__ - INFO - 文件 cleaned_object_003.json 处理完成
2025-08-01 14:20:09,477 - __main__ - INFO - === 指定文件处理完成，成功 1/1 个 ===
2025-08-01 14:20:47,950 - __main__ - INFO - === 开始处理文件范围: 1-3 ===
2025-08-01 14:20:47,950 - __main__ - INFO - 开始处理文件: cleaned_object_001.json
2025-08-01 14:40:51,305 - __main__ - INFO - === 开始处理指定文件: [13] ===
2025-08-01 14:40:51,306 - __main__ - INFO - 开始处理文件: cleaned_object_013.json
2025-08-01 14:41:20,693 - __main__ - INFO - 文件 cleaned_object_013.json 处理完成
2025-08-01 14:41:20,693 - __main__ - INFO - === 指定文件处理完成，成功 1/1 个 ===
2025-08-01 14:41:20,693 - __main__ - INFO - === 开始处理文件范围: 23-25 ===
2025-08-01 14:41:20,693 - __main__ - INFO - 开始处理文件: cleaned_object_023.json
2025-08-01 14:41:42,995 - __main__ - INFO - 文件 cleaned_object_023.json 处理完成
2025-08-01 14:41:42,995 - __main__ - INFO - 开始处理文件: cleaned_object_024.json
2025-08-01 14:43:17,985 - __main__ - INFO - 文件 cleaned_object_024.json 处理完成
2025-08-01 14:43:17,987 - __main__ - INFO - 开始处理文件: cleaned_object_025.json
2025-08-01 14:43:56,997 - __main__ - INFO - 文件 cleaned_object_025.json 处理完成
2025-08-01 14:43:56,998 - __main__ - INFO - === 文件范围处理完成，成功 3/3 个 ===
2025-08-01 15:05:06,692 - __main__ - INFO - === 开始处理指定文件: [13] ===
2025-08-01 15:05:06,693 - __main__ - INFO - 开始处理文件: cleaned_object_013.json
2025-08-01 15:05:37,238 - __main__ - INFO - 文件 cleaned_object_013.json 处理完成
2025-08-01 15:05:37,239 - __main__ - INFO - === 指定文件处理完成，成功 1/1 个 ===
2025-08-01 15:05:37,239 - __main__ - INFO - === 开始处理文件范围: 23-25 ===
2025-08-01 15:05:37,240 - __main__ - INFO - 开始处理文件: cleaned_object_023.json
2025-08-01 15:06:01,027 - __main__ - INFO - 文件 cleaned_object_023.json 处理完成
2025-08-01 15:06:01,029 - __main__ - INFO - 开始处理文件: cleaned_object_024.json
2025-08-01 15:07:12,644 - __main__ - INFO - 文件 cleaned_object_024.json 处理完成
2025-08-01 15:07:12,646 - __main__ - INFO - 开始处理文件: cleaned_object_025.json
2025-08-01 15:07:57,521 - __main__ - INFO - 文件 cleaned_object_025.json 处理完成
2025-08-01 15:07:57,521 - __main__ - INFO - === 文件范围处理完成，成功 3/3 个 ===
2025-08-01 15:14:16,745 - __main__ - INFO - === 开始处理指定文件: [13] ===
2025-08-01 15:14:16,745 - __main__ - INFO - 开始处理文件: cleaned_object_013.json
2025-08-01 15:15:00,690 - __main__ - INFO - === 开始处理指定文件: [11] ===
2025-08-01 15:15:00,691 - __main__ - INFO - 开始处理文件: cleaned_object_011.json
2025-08-01 15:15:23,412 - __main__ - INFO - 文件 cleaned_object_011.json 处理完成
2025-08-01 15:15:23,413 - __main__ - INFO - === 指定文件处理完成，成功 1/1 个 ===
2025-08-01 15:26:34,377 - __main__ - INFO - === 开始处理指定文件: [11] ===
2025-08-01 15:26:34,377 - __main__ - INFO - 开始处理文件: cleaned_object_011.json
2025-08-01 15:27:01,187 - __main__ - INFO - 文件 cleaned_object_011.json 处理完成
2025-08-01 15:27:01,187 - __main__ - INFO - === 指定文件处理完成，成功 1/1 个 ===
2025-08-01 15:28:57,174 - __main__ - INFO - === 开始处理指定文件: [12] ===
2025-08-01 15:28:57,175 - __main__ - INFO - 开始处理文件: cleaned_object_012.json
2025-08-01 15:29:22,738 - __main__ - INFO - 文件 cleaned_object_012.json 处理完成
2025-08-01 15:29:22,739 - __main__ - INFO - === 指定文件处理完成，成功 1/1 个 ===
2025-08-01 15:40:32,135 - __main__ - ERROR - 数据文件夹中没有找到数据文件: /Users/ssmac/cursor_project/bc_datacleaning/test_data
2025-08-01 16:01:59,268 - __main__ - INFO - 数据文件夹验证通过，找到 1738 个数据文件
2025-08-01 16:01:59,269 - __main__ - INFO - === 开始处理指定文件: [12] ===
2025-08-01 16:01:59,269 - __main__ - INFO - 开始处理文件: cleaned_object_012.json
2025-08-01 16:02:29,767 - __main__ - INFO - 文件 cleaned_object_012.json 处理完成
2025-08-01 16:02:29,768 - __main__ - INFO - === 指定文件处理完成，成功 1/1 个 ===
2025-08-01 16:02:43,574 - __main__ - INFO - 数据文件夹验证通过，找到 1738 个数据文件
2025-08-01 16:02:43,574 - __main__ - INFO - === 开始处理指定文件: [12] ===
2025-08-01 16:02:43,575 - __main__ - INFO - 开始处理文件: cleaned_object_012.json
2025-08-01 16:03:22,639 - __main__ - INFO - 文件 cleaned_object_012.json 处理完成
2025-08-01 16:03:22,639 - __main__ - INFO - === 指定文件处理完成，成功 1/1 个 ===
2025-08-01 16:23:56,192 - __main__ - INFO - 数据文件夹验证通过，找到 1738 个数据文件
2025-08-01 16:23:56,192 - __main__ - INFO - === 开始处理指定文件: [17] ===
2025-08-01 16:23:56,192 - __main__ - INFO - 开始处理文件: cleaned_object_017.json
2025-08-01 16:24:14,067 - __main__ - INFO - 文件 cleaned_object_017.json 处理完成
2025-08-01 16:24:14,068 - __main__ - INFO - === 指定文件处理完成，成功 1/1 个 ===
